{"/Users/xiaoyuhe/Documents/WebDev/_HR/Poncho-Tracker/app/client/src/sum.js":{"path":"/Users/xiaoyuhe/Documents/WebDev/_HR/Poncho-Tracker/app/client/src/sum.js","s":{"1":1,"2":1},"b":{},"f":{},"fnMap":{},"statementMap":{"1":{"start":{"line":1,"column":0},"end":{"line":1,"column":33}},"2":{"start":{"line":1,"column":27},"end":{"line":1,"column":32}}},"branchMap":{}},"/Users/xiaoyuhe/Documents/WebDev/_HR/Poncho-Tracker/app/server/server.js":{"path":"/Users/xiaoyuhe/Documents/WebDev/_HR/Poncho-Tracker/app/server/server.js","s":{"1":1,"2":1,"3":1,"4":1,"5":1,"6":1,"7":1,"8":1,"9":1,"10":1,"11":0,"12":0,"13":0,"14":0,"15":0,"16":0,"17":0,"18":1,"19":1,"20":1,"21":1,"22":1},"b":{},"f":{"1":0,"2":0},"fnMap":{"1":{"name":"(anonymous_1)","line":56,"loc":{"start":{"line":56,"column":53},"end":{"line":56,"column":65}}},"2":{"name":"(anonymous_2)","line":61,"loc":{"start":{"line":61,"column":10},"end":{"line":61,"column":20}}}},"statementMap":{"1":{"start":{"line":1,"column":0},"end":{"line":1,"column":35}},"2":{"start":{"line":2,"column":0},"end":{"line":2,"column":22}},"3":{"start":{"line":6,"column":0},"end":{"line":6,"column":18}},"4":{"start":{"line":9,"column":0},"end":{"line":9,"column":78}},"5":{"start":{"line":10,"column":0},"end":{"line":10,"column":70}},"6":{"start":{"line":11,"column":0},"end":{"line":11,"column":66}},"7":{"start":{"line":13,"column":0},"end":{"line":13,"column":48}},"8":{"start":{"line":15,"column":0},"end":{"line":33,"column":3}},"9":{"start":{"line":32,"column":2},"end":{"line":32,"column":18}},"10":{"start":{"line":35,"column":0},"end":{"line":85,"column":3}},"11":{"start":{"line":37,"column":2},"end":{"line":46,"column":5}},"12":{"start":{"line":56,"column":2},"end":{"line":63,"column":5}},"13":{"start":{"line":57,"column":4},"end":{"line":57,"column":33}},"14":{"start":{"line":58,"column":4},"end":{"line":58,"column":32}},"15":{"start":{"line":59,"column":4},"end":{"line":59,"column":31}},"16":{"start":{"line":60,"column":4},"end":{"line":60,"column":18}},"17":{"start":{"line":62,"column":4},"end":{"line":62,"column":34}},"18":{"start":{"line":87,"column":0},"end":{"line":87,"column":47}},"19":{"start":{"line":87,"column":28},"end":{"line":87,"column":45}},"20":{"start":{"line":89,"column":0},"end":{"line":89,"column":80}},"21":{"start":{"line":89,"column":38},"end":{"line":89,"column":78}},"22":{"start":{"line":91,"column":0},"end":{"line":91,"column":24}}},"branchMap":{}},"/Users/xiaoyuhe/Documents/WebDev/_HR/Poncho-Tracker/app/server/config/middleware.js":{"path":"/Users/xiaoyuhe/Documents/WebDev/_HR/Poncho-Tracker/app/server/config/middleware.js","s":{"1":1,"2":1,"3":1,"4":1,"5":1,"6":1,"7":3,"8":1,"9":3,"10":1},"b":{"1":[1,2]},"f":{"1":1},"fnMap":{"1":{"name":"(anonymous_1)","line":3,"loc":{"start":{"line":3,"column":17},"end":{"line":3,"column":41}}}},"statementMap":{"1":{"start":{"line":1,"column":0},"end":{"line":1,"column":42}},"2":{"start":{"line":3,"column":0},"end":{"line":14,"column":2}},"3":{"start":{"line":4,"column":2},"end":{"line":4,"column":29}},"4":{"start":{"line":5,"column":2},"end":{"line":5,"column":53}},"5":{"start":{"line":7,"column":2},"end":{"line":7,"column":25}},"6":{"start":{"line":8,"column":2},"end":{"line":11,"column":5}},"7":{"start":{"line":9,"column":4},"end":{"line":9,"column":57}},"8":{"start":{"line":9,"column":27},"end":{"line":9,"column":57}},"9":{"start":{"line":10,"column":4},"end":{"line":10,"column":11}},"10":{"start":{"line":13,"column":2},"end":{"line":13,"column":55}}},"branchMap":{"1":{"line":9,"type":"if","locations":[{"start":{"line":9,"column":4},"end":{"line":9,"column":4}},{"start":{"line":9,"column":4},"end":{"line":9,"column":4}}]}}}}