{"/Users/xiaoyuhe/Documents/WebDev/_HR/Poncho-Tracker/app/client/src/sum.js":{"path":"/Users/xiaoyuhe/Documents/WebDev/_HR/Poncho-Tracker/app/client/src/sum.js","s":{"1":1,"2":1},"b":{},"f":{},"fnMap":{},"statementMap":{"1":{"start":{"line":1,"column":0},"end":{"line":1,"column":33}},"2":{"start":{"line":1,"column":27},"end":{"line":1,"column":32}}},"branchMap":{}},"/Users/xiaoyuhe/Documents/WebDev/_HR/Poncho-Tracker/app/server/server.js":{"path":"/Users/xiaoyuhe/Documents/WebDev/_HR/Poncho-Tracker/app/server/server.js","s":{"1":1,"2":1,"3":1,"4":1,"5":1,"6":1,"7":1,"8":1,"9":1,"10":1,"11":1,"12":1,"13":1},"b":{},"f":{},"fnMap":{},"statementMap":{"1":{"start":{"line":1,"column":0},"end":{"line":1,"column":35}},"2":{"start":{"line":2,"column":0},"end":{"line":2,"column":22}},"3":{"start":{"line":3,"column":0},"end":{"line":3,"column":42}},"4":{"start":{"line":5,"column":0},"end":{"line":5,"column":18}},"5":{"start":{"line":7,"column":0},"end":{"line":7,"column":78}},"6":{"start":{"line":8,"column":0},"end":{"line":8,"column":70}},"7":{"start":{"line":9,"column":0},"end":{"line":9,"column":66}},"8":{"start":{"line":12,"column":0},"end":{"line":12,"column":56}},"9":{"start":{"line":14,"column":0},"end":{"line":14,"column":47}},"10":{"start":{"line":14,"column":28},"end":{"line":14,"column":45}},"11":{"start":{"line":16,"column":0},"end":{"line":16,"column":80}},"12":{"start":{"line":16,"column":38},"end":{"line":16,"column":78}},"13":{"start":{"line":18,"column":0},"end":{"line":18,"column":24}}},"branchMap":{}},"/Users/xiaoyuhe/Documents/WebDev/_HR/Poncho-Tracker/app/server/config/router.js":{"path":"/Users/xiaoyuhe/Documents/WebDev/_HR/Poncho-Tracker/app/server/config/router.js","s":{"1":1,"2":1,"3":1,"4":1,"5":1,"6":1,"7":3,"8":3,"9":1},"b":{},"f":{},"fnMap":{},"statementMap":{"1":{"start":{"line":1,"column":0},"end":{"line":1,"column":43}},"2":{"start":{"line":2,"column":0},"end":{"line":2,"column":48}},"3":{"start":{"line":4,"column":0},"end":{"line":10,"column":5}},"4":{"start":{"line":6,"column":4},"end":{"line":9,"column":7}},"5":{"start":{"line":8,"column":6},"end":{"line":8,"column":33}},"6":{"start":{"line":12,"column":0},"end":{"line":18,"column":5}},"7":{"start":{"line":14,"column":4},"end":{"line":17,"column":7}},"8":{"start":{"line":16,"column":6},"end":{"line":16,"column":33}},"9":{"start":{"line":20,"column":0},"end":{"line":20,"column":24}}},"branchMap":{}},"/Users/xiaoyuhe/Documents/WebDev/_HR/Poncho-Tracker/app/server/db_config/queries.js":{"path":"/Users/xiaoyuhe/Documents/WebDev/_HR/Poncho-Tracker/app/server/db_config/queries.js","s":{"1":1,"2":1,"3":4,"4":1,"5":1,"6":1,"7":3,"8":1},"b":{},"f":{"1":4,"2":1,"3":3},"fnMap":{"1":{"name":"Users","line":3,"loc":{"start":{"line":3,"column":0},"end":{"line":3,"column":17}}},"2":{"name":"getAll","line":9,"loc":{"start":{"line":9,"column":0},"end":{"line":9,"column":18}}},"3":{"name":"postOne","line":13,"loc":{"start":{"line":13,"column":0},"end":{"line":13,"column":22}}}},"statementMap":{"1":{"start":{"line":1,"column":0},"end":{"line":1,"column":34}},"2":{"start":{"line":3,"column":0},"end":{"line":5,"column":1}},"3":{"start":{"line":4,"column":2},"end":{"line":4,"column":26}},"4":{"start":{"line":9,"column":0},"end":{"line":11,"column":1}},"5":{"start":{"line":10,"column":2},"end":{"line":10,"column":26}},"6":{"start":{"line":13,"column":0},"end":{"line":15,"column":1}},"7":{"start":{"line":14,"column":2},"end":{"line":14,"column":34}},"8":{"start":{"line":17,"column":0},"end":{"line":20,"column":2}}},"branchMap":{}},"/Users/xiaoyuhe/Documents/WebDev/_HR/Poncho-Tracker/app/server/db_config/knex.js":{"path":"/Users/xiaoyuhe/Documents/WebDev/_HR/Poncho-Tracker/app/server/db_config/knex.js","s":{"1":1,"2":1,"3":1,"4":1},"b":{"1":[1,0]},"f":{},"fnMap":{},"statementMap":{"1":{"start":{"line":1,"column":0},"end":{"line":1,"column":58}},"2":{"start":{"line":2,"column":0},"end":{"line":2,"column":25}},"3":{"start":{"line":3,"column":0},"end":{"line":3,"column":53}},"4":{"start":{"line":4,"column":0},"end":{"line":4,"column":41}}},"branchMap":{"1":{"line":1,"type":"binary-expr","locations":[{"start":{"line":1,"column":20},"end":{"line":1,"column":40}},{"start":{"line":1,"column":44},"end":{"line":1,"column":57}}]}}},"/Users/xiaoyuhe/Documents/WebDev/_HR/Poncho-Tracker/app/server/db_config/knexfile.js":{"path":"/Users/xiaoyuhe/Documents/WebDev/_HR/Poncho-Tracker/app/server/db_config/knexfile.js","s":{"1":1},"b":{},"f":{},"fnMap":{},"statementMap":{"1":{"start":{"line":1,"column":0},"end":{"line":52,"column":2}}},"branchMap":{}},"/Users/xiaoyuhe/Documents/WebDev/_HR/Poncho-Tracker/app/server/config/middleware.js":{"path":"/Users/xiaoyuhe/Documents/WebDev/_HR/Poncho-Tracker/app/server/config/middleware.js","s":{"1":1,"2":1,"3":1,"4":1,"5":1,"6":1},"b":{},"f":{"1":1},"fnMap":{"1":{"name":"(anonymous_1)","line":3,"loc":{"start":{"line":3,"column":17},"end":{"line":3,"column":49}}}},"statementMap":{"1":{"start":{"line":1,"column":0},"end":{"line":1,"column":42}},"2":{"start":{"line":3,"column":0},"end":{"line":9,"column":2}},"3":{"start":{"line":4,"column":2},"end":{"line":4,"column":29}},"4":{"start":{"line":5,"column":2},"end":{"line":5,"column":53}},"5":{"start":{"line":7,"column":2},"end":{"line":7,"column":55}},"6":{"start":{"line":8,"column":2},"end":{"line":8,"column":29}}},"branchMap":{}}}