TN:
SF:/Users/xiaoyuhe/Documents/WebDev/_HR/Poncho-Tracker/app/client/src/sum.js
FNF:0
FNH:0
DA:1,1
LF:1
LH:1
BRF:0
BRH:0
end_of_record
TN:
SF:/Users/xiaoyuhe/Documents/WebDev/_HR/Poncho-Tracker/app/server/server.js
FN:71,(anonymous_1)
FN:76,(anonymous_2)
FNF:2
FNH:0
FNDA:0,(anonymous_1)
FNDA:0,(anonymous_2)
DA:1,1
DA:2,1
DA:5,1
DA:7,1
DA:10,1
DA:11,1
DA:12,1
DA:14,1
DA:16,1
DA:17,1
DA:19,1
DA:23,1
DA:24,3
DA:26,3
DA:30,1
DA:47,1
DA:50,1
DA:52,0
DA:71,0
DA:72,0
DA:73,0
DA:74,0
DA:75,0
DA:77,0
DA:102,1
DA:104,1
DA:106,1
LF:27
LH:20
BRF:0
BRH:0
end_of_record
TN:
SF:/Users/xiaoyuhe/Documents/WebDev/_HR/Poncho-Tracker/app/server/db_config/queries.js
FN:3,Users
FN:9,getAll
FN:13,postOne
FNF:3
FNH:3
FNDA:4,Users
FNDA:1,getAll
FNDA:3,postOne
DA:1,1
DA:3,1
DA:4,4
DA:9,1
DA:10,1
DA:13,1
DA:14,3
DA:17,1
LF:8
LH:8
BRF:0
BRH:0
end_of_record
TN:
SF:/Users/xiaoyuhe/Documents/WebDev/_HR/Poncho-Tracker/app/server/db_config/knex.js
FNF:0
FNH:0
DA:1,1
DA:2,1
DA:3,1
DA:4,1
LF:4
LH:4
BRDA:1,1,0,1
BRDA:1,1,1,0
BRF:2
BRH:1
end_of_record
TN:
SF:/Users/xiaoyuhe/Documents/WebDev/_HR/Poncho-Tracker/app/server/db_config/knexfile.js
FNF:0
FNH:0
DA:1,1
LF:1
LH:1
BRF:0
BRH:0
end_of_record
TN:
SF:/Users/xiaoyuhe/Documents/WebDev/_HR/Poncho-Tracker/app/server/config/middleware.js
FN:3,(anonymous_1)
FNF:1
FNH:1
FNDA:1,(anonymous_1)
DA:1,1
DA:3,1
DA:4,1
DA:5,1
DA:7,1
DA:8,1
DA:9,7
DA:10,7
DA:13,1
LF:9
LH:9
BRDA:9,1,0,1
BRDA:9,1,1,6
BRF:2
BRH:2
end_of_record
