TN:
SF:/Users/xiaoyuhe/Documents/WebDev/_HR/Poncho-Tracker/app/client/src/sum.js
FNF:0
FNH:0
DA:1,1
LF:1
LH:1
BRF:0
BRH:0
end_of_record
TN:
SF:/Users/xiaoyuhe/Documents/WebDev/_HR/Poncho-Tracker/app/server/server.js
FN:56,(anonymous_1)
FN:61,(anonymous_2)
FNF:2
FNH:0
FNDA:0,(anonymous_1)
FNDA:0,(anonymous_2)
DA:1,1
DA:2,1
DA:6,1
DA:9,1
DA:10,1
DA:11,1
DA:13,1
DA:15,1
DA:32,1
DA:35,1
DA:37,0
DA:56,0
DA:57,0
DA:58,0
DA:59,0
DA:60,0
DA:62,0
DA:91,1
DA:93,1
LF:19
LH:12
BRF:0
BRH:0
end_of_record
TN:
SF:/Users/xiaoyuhe/Documents/WebDev/_HR/Poncho-Tracker/app/server/config/middleware.js
FN:3,(anonymous_1)
FNF:1
FNH:1
FNDA:1,(anonymous_1)
DA:1,1
DA:3,1
DA:4,1
DA:5,1
DA:7,1
DA:8,1
DA:9,3
DA:10,3
DA:13,1
LF:9
LH:9
BRDA:9,1,0,1
BRDA:9,1,1,2
BRF:2
BRH:2
end_of_record
